[debug] [2025-12-16T17:46:18.104Z] ----------------------------------------------------------------------
[debug] [2025-12-16T17:46:18.111Z] Command:       C:\Program Files\nodejs\node.exe C:\Users\yaniv\AppData\Roaming\npm\node_modules\firebase-tools\lib\bin\firebase.js deploy
[debug] [2025-12-16T17:46:18.112Z] CLI Version:   14.27.0
[debug] [2025-12-16T17:46:18.112Z] Platform:      win32
[debug] [2025-12-16T17:46:18.112Z] Node Version:  v22.21.0
[debug] [2025-12-16T17:46:18.113Z] Time:          Tue Dec 16 2025 19:46:18 GMT+0200 (Israel Standard Time)
[debug] [2025-12-16T17:46:18.113Z] ----------------------------------------------------------------------
[debug] 
[debug] [2025-12-16T17:46:18.394Z] > command requires scopes: ["email","openid","https://www.googleapis.com/auth/cloudplatformprojects.readonly","https://www.googleapis.com/auth/firebase","https://www.googleapis.com/auth/cloud-platform"]
[debug] [2025-12-16T17:46:18.395Z] > authorizing via signed-in user (yanivzohar1971@gmail.com)
[debug] [2025-12-16T17:46:18.395Z] [iam] checking project carexpert-94faa for permissions ["cloudfunctions.functions.create","cloudfunctions.functions.delete","cloudfunctions.functions.get","cloudfunctions.functions.list","cloudfunctions.functions.update","cloudfunctions.operations.get","datastore.indexes.create","datastore.indexes.delete","datastore.indexes.list","datastore.indexes.update","firebase.projects.get","firebasehosting.sites.update","firebaserules.releases.create","firebaserules.releases.update","firebaserules.rulesets.create"]
[debug] [2025-12-16T17:46:18.396Z] Checked if tokens are valid: true, expires at: 1765910752448
[debug] [2025-12-16T17:46:18.397Z] Checked if tokens are valid: true, expires at: 1765910752448
[debug] [2025-12-16T17:46:18.398Z] >>> [apiv2][query] POST https://cloudresourcemanager.googleapis.com/v1/projects/carexpert-94faa:testIamPermissions [none]
[debug] [2025-12-16T17:46:18.398Z] >>> [apiv2][(partial)header] POST https://cloudresourcemanager.googleapis.com/v1/projects/carexpert-94faa:testIamPermissions x-goog-quota-user=projects/carexpert-94faa
[debug] [2025-12-16T17:46:18.398Z] >>> [apiv2][body] POST https://cloudresourcemanager.googleapis.com/v1/projects/carexpert-94faa:testIamPermissions {"permissions":["cloudfunctions.functions.create","cloudfunctions.functions.delete","cloudfunctions.functions.get","cloudfunctions.functions.list","cloudfunctions.functions.update","cloudfunctions.operations.get","datastore.indexes.create","datastore.indexes.delete","datastore.indexes.list","datastore.indexes.update","firebase.projects.get","firebasehosting.sites.update","firebaserules.releases.create","firebaserules.releases.update","firebaserules.rulesets.create"]}
[debug] [2025-12-16T17:46:19.412Z] <<< [apiv2][status] POST https://cloudresourcemanager.googleapis.com/v1/projects/carexpert-94faa:testIamPermissions 200
[debug] [2025-12-16T17:46:19.412Z] <<< [apiv2][body] POST https://cloudresourcemanager.googleapis.com/v1/projects/carexpert-94faa:testIamPermissions {"permissions":["cloudfunctions.functions.create","cloudfunctions.functions.delete","cloudfunctions.functions.get","cloudfunctions.functions.list","cloudfunctions.functions.update","cloudfunctions.operations.get","datastore.indexes.create","datastore.indexes.delete","datastore.indexes.list","datastore.indexes.update","firebase.projects.get","firebasehosting.sites.update","firebaserules.releases.create","firebaserules.releases.update","firebaserules.rulesets.create"]}
[debug] [2025-12-16T17:46:19.412Z] Checked if tokens are valid: true, expires at: 1765910752448
[debug] [2025-12-16T17:46:19.412Z] Checked if tokens are valid: true, expires at: 1765910752448
[debug] [2025-12-16T17:46:19.413Z] >>> [apiv2][query] POST https://iam.googleapis.com/v1/projects/carexpert-94faa/serviceAccounts/carexpert-94faa@appspot.gserviceaccount.com:testIamPermissions [none]
[debug] [2025-12-16T17:46:19.413Z] >>> [apiv2][body] POST https://iam.googleapis.com/v1/projects/carexpert-94faa/serviceAccounts/carexpert-94faa@appspot.gserviceaccount.com:testIamPermissions {"permissions":["iam.serviceAccounts.actAs"]}
